Unity Editor version:    2020.3.30f1 (1fb1bf06830e)
Branch:                  2020.3/staging
Build type:              Release
Batch mode:              YES
macOS version:           Version 11.6.2 (Build 20G314)
Darwin version:          20.6.0
Architecture:            x86_64
Running under Rosetta:   YES
Available memory:        16384 MB
Using pre-set license
Pro License: NO

COMMAND LINE ARGUMENTS:
/Applications/Unity/Hub/Editor/2020.3.30f1/Unity.app/Contents/MacOS/Unity
-adb2
-batchMode
-noUpm
-name
AssetImportWorker0
-projectPath
/Users/sarah.deleppo/Hackday/Hackday
-logFile
Logs/AssetImportWorker0.log
-srvPort
65057
Successfully changed project path to: /Users/sarah.deleppo/Hackday/Hackday
/Users/sarah.deleppo/Hackday/Hackday
Using Asset Import Pipeline V2.
Refreshing native plugins compatible for Editor in 47.26 ms, found 2 plugins.
Preloading 0 native plugins for Editor in 0.00 ms.
Initialize engine version: 2020.3.30f1 (1fb1bf06830e)
[Subsystems] Discovering subsystems at path /Applications/Unity/Hub/Editor/2020.3.30f1/Unity.app/Contents/Resources/UnitySubsystems
[Subsystems] Discovering subsystems at path /Users/sarah.deleppo/Hackday/Hackday/Assets
GfxDevice: creating device client; threaded=0
2022-03-10 08:50:05.849 Unity[25883:13612552] (null) preferred device: Apple M1 (high power)
2022-03-10 08:50:05.849 Unity[25883:13612552] Metal devices available: 1
2022-03-10 08:50:05.849 Unity[25883:13612552] 0: Apple M1 (high power)
2022-03-10 08:50:05.849 Unity[25883:13612552] Using device Apple M1 (high power)
Initializing Metal device caps: Apple M1
Initialize mono
Mono path[0] = '/Applications/Unity/Hub/Editor/2020.3.30f1/Unity.app/Contents/Managed'
Mono path[1] = '/Applications/Unity/Hub/Editor/2020.3.30f1/Unity.app/Contents/MonoBleedingEdge/lib/mono/unityjit'
Mono config path = '/Applications/Unity/Hub/Editor/2020.3.30f1/Unity.app/Contents/MonoBleedingEdge/etc'
Using monoOptions --debugger-agent=transport=dt_socket,embedding=1,server=y,suspend=n,address=127.0.0.1:56883
Begin MonoManager ReloadAssembly
Registering precompiled unity dll's ...
Register platform support module: /Applications/Unity/Hub/Editor/2020.3.30f1/PlaybackEngines/WebGLSupport/UnityEditor.WebGL.Extensions.dll
Register platform support module: /Applications/Unity/Hub/Editor/2020.3.30f1/Unity.app/Contents/PlaybackEngines/MacStandaloneSupport/UnityEditor.OSXStandalone.Extensions.dll
Registered in 0.002470 seconds.
Native extension for OSXStandalone target not found
Native extension for WebGL target not found
Refreshing native plugins compatible for Editor in 42.91 ms, found 2 plugins.
Preloading 0 native plugins for Editor in 0.00 ms.
Mono: successfully reloaded assembly
- Completed reload, in  1.205 seconds
Domain Reload Profiling:
	ReloadAssembly (1205ms)
		BeginReloadAssembly (111ms)
			ExecutionOrderSort (0ms)
			DisableScriptedObjects (0ms)
			BackupInstance (0ms)
			ReleaseScriptingObjects (0ms)
			CreateAndSetChildDomain (2ms)
		EndReloadAssembly (966ms)
			LoadAssemblies (110ms)
			RebuildTransferFunctionScriptingTraits (0ms)
			SetupTypeCache (184ms)
			ReleaseScriptCaches (0ms)
			RebuildScriptCaches (41ms)
			SetupLoadedEditorAssemblies (476ms)
				LogAssemblyErrors (0ms)
				InitializePlatformSupportModulesInManaged (13ms)
				SetLoadedEditorAssemblies (1ms)
				RefreshPlugins (43ms)
				BeforeProcessingInitializeOnLoad (23ms)
				ProcessInitializeOnLoadAttributes (309ms)
				ProcessInitializeOnLoadMethodAttributes (87ms)
				AfterProcessingInitializeOnLoad (0ms)
				EditorAssembliesLoaded (1ms)
			ExecutionOrderSort2 (0ms)
			AwakeInstancesAfterBackupRestoration (0ms)
Platform modules already initialized, skipping
Registering precompiled user dll's ...
Registered in 0.002967 seconds.
Begin MonoManager ReloadAssembly
Native extension for OSXStandalone target not found
Native extension for WebGL target not found
Refreshing native plugins compatible for Editor in 0.42 ms, found 2 plugins.
Preloading 0 native plugins for Editor in 0.00 ms.
Mono: successfully reloaded assembly
- Completed reload, in  2.082 seconds
Domain Reload Profiling:
	ReloadAssembly (2085ms)
		BeginReloadAssembly (263ms)
			ExecutionOrderSort (0ms)
			DisableScriptedObjects (38ms)
			BackupInstance (0ms)
			ReleaseScriptingObjects (0ms)
			CreateAndSetChildDomain (42ms)
		EndReloadAssembly (1729ms)
			LoadAssemblies (160ms)
			RebuildTransferFunctionScriptingTraits (0ms)
			SetupTypeCache (327ms)
			ReleaseScriptCaches (0ms)
			RebuildScriptCaches (62ms)
			SetupLoadedEditorAssemblies (940ms)
				LogAssemblyErrors (0ms)
				InitializePlatformSupportModulesInManaged (17ms)
				SetLoadedEditorAssemblies (1ms)
				RefreshPlugins (0ms)
				BeforeProcessingInitializeOnLoad (118ms)
				ProcessInitializeOnLoadAttributes (774ms)
				ProcessInitializeOnLoadMethodAttributes (29ms)
				AfterProcessingInitializeOnLoad (1ms)
				EditorAssembliesLoaded (0ms)
			ExecutionOrderSort2 (0ms)
			AwakeInstancesAfterBackupRestoration (27ms)
Platform modules already initialized, skipping
Validating Project structure ... 0.007090 seconds.
Shader import version has changed; will reimport all shaders...
Upgrading shader files ...0.012184 seconds.
Application.AssetDatabase Initial Script Refresh Start
RefreshInfo: InitialScriptRefreshV2(NoUpdateAssetOptions) scanfilter:  ... 1 filters
RefreshProfiler: Total: 0.000ms
Application.AssetDatabase Initial Script Refresh End
Application.AssetDatabase.Refresh Start
Application.AssetDatabase.Refresh End
RefreshInfo: StopAssetImportingV2(ForceSynchronousImport) scanfilter: 
RefreshProfiler: Total: 0.000ms
Launching external process: /Applications/Unity/Hub/Editor/2020.3.30f1/Unity.app/Contents/Tools/UnityShaderCompiler
Launched and connected shader compiler UnityShaderCompiler after 0.03 seconds
Initializing Unity extensions:
========================================================================
Worker process is ready to serve import requests
Refreshing native plugins compatible for Editor in 0.35 ms, found 2 plugins.
Preloading 0 native plugins for Editor in 0.00 ms.
Unloading 2029 Unused Serialized files (Serialized files now loaded: 0)
System memory in use before: 204.4 MB.
System memory in use after: 199.7 MB.

Unloading 203 unused Assets to reduce memory usage. Loaded Objects now: 2446.
Total: 3.577125 ms (FindLiveObjects: 0.111916 ms CreateObjectMapping: 0.042500 ms MarkObjects: 1.975833 ms  DeleteObjects: 1.446125 ms)

AssetImportParameters requested are different than current active one (requested -> active):
  custom:video-decoder-ogg-theora: a1e56fd34408186e4bbccfd4996cb3dc -> 
  custom:container-muxer-webm: aa71ff27fc2769a1b78a27578f13a17b -> 
  custom:container-demuxer-webm: 4f35f7cbe854078d1ac9338744f61a02 -> 
  custom:container-demuxer-ogg: 62fdf1f143b41e24485cea50d1cbac27 -> 
  custom:video-encoder-webm-vp8: eb34c28f22e8b96e1ab97ce403110664 -> 
  custom:framework-osx-AVFoundation: e770b220cccbd017edd2c1fefb359320 -> 
  custom:video-decoder-webm-vp8: 9c59270c3fd7afecdb556c50c9e8de78 -> 
  custom:audio-decoder-ogg-vorbis: bf7c407c2cedff20999df2af8eb42d56 -> 
  custom:audio-encoder-webm-vorbis: bf7c407c2cedff20999df2af8eb42d56 -> 
========================================================================
Received Import Request.
  path: Assets/New Prefab.prefab
  artifactKey: Guid(874c712a282ec4eb4940540dcab8dcff) Importer(815301076,1909f56bfc062723c751e8b465ee728b)
Start importing Assets/New Prefab.prefab using Guid(874c712a282ec4eb4940540dcab8dcff) Importer(815301076,1909f56bfc062723c751e8b465ee728b)  -> (artifact id: 'a02432ab0595b48de802b78601985aa8') in 0.858728 seconds 
========================================================================
Received Prepare
Registering precompiled user dll's ...
Registered in 0.003258 seconds.
Begin MonoManager ReloadAssembly
Native extension for OSXStandalone target not found
Native extension for WebGL target not found
Refreshing native plugins compatible for Editor in 0.42 ms, found 2 plugins.
Preloading 0 native plugins for Editor in 0.00 ms.
Mono: successfully reloaded assembly
- Completed reload, in  2.358 seconds
Domain Reload Profiling:
	ReloadAssembly (2360ms)
		BeginReloadAssembly (350ms)
			ExecutionOrderSort (0ms)
			DisableScriptedObjects (35ms)
			BackupInstance (0ms)
			ReleaseScriptingObjects (0ms)
			CreateAndSetChildDomain (166ms)
		EndReloadAssembly (1911ms)
			LoadAssemblies (211ms)
			RebuildTransferFunctionScriptingTraits (0ms)
			SetupTypeCache (371ms)
			ReleaseScriptCaches (1ms)
			RebuildScriptCaches (57ms)
			SetupLoadedEditorAssemblies (968ms)
				LogAssemblyErrors (0ms)
				InitializePlatformSupportModulesInManaged (15ms)
				SetLoadedEditorAssemblies (2ms)
				RefreshPlugins (0ms)
				BeforeProcessingInitializeOnLoad (172ms)
				ProcessInitializeOnLoadAttributes (754ms)
				ProcessInitializeOnLoadMethodAttributes (24ms)
				AfterProcessingInitializeOnLoad (1ms)
				EditorAssembliesLoaded (1ms)
			ExecutionOrderSort2 (0ms)
			AwakeInstancesAfterBackupRestoration (36ms)
Platform modules already initialized, skipping
Refreshing native plugins compatible for Editor in 0.36 ms, found 2 plugins.
Preloading 0 native plugins for Editor in 0.00 ms.
Unloading 2009 Unused Serialized files (Serialized files now loaded: 0)
System memory in use before: 204.5 MB.
System memory in use after: 202.0 MB.

Unloading 55 unused Assets to reduce memory usage. Loaded Objects now: 2460.
Total: 2.753542 ms (FindLiveObjects: 0.086708 ms CreateObjectMapping: 0.039459 ms MarkObjects: 1.857833 ms  DeleteObjects: 0.768875 ms)

AssetImportParameters requested are different than current active one (requested -> active):
  custom:video-decoder-ogg-theora: a1e56fd34408186e4bbccfd4996cb3dc -> 
  custom:container-muxer-webm: aa71ff27fc2769a1b78a27578f13a17b -> 
  custom:container-demuxer-webm: 4f35f7cbe854078d1ac9338744f61a02 -> 
  custom:container-demuxer-ogg: 62fdf1f143b41e24485cea50d1cbac27 -> 
  custom:video-encoder-webm-vp8: eb34c28f22e8b96e1ab97ce403110664 -> 
  custom:framework-osx-AVFoundation: e770b220cccbd017edd2c1fefb359320 -> 
  custom:video-decoder-webm-vp8: 9c59270c3fd7afecdb556c50c9e8de78 -> 
  custom:audio-decoder-ogg-vorbis: bf7c407c2cedff20999df2af8eb42d56 -> 
  custom:audio-encoder-webm-vorbis: bf7c407c2cedff20999df2af8eb42d56 -> 
========================================================================
Received Prepare
Registering precompiled user dll's ...
Registered in 0.004152 seconds.
Begin MonoManager ReloadAssembly
Native extension for OSXStandalone target not found
Native extension for WebGL target not found
Refreshing native plugins compatible for Editor in 0.37 ms, found 2 plugins.
Preloading 0 native plugins for Editor in 0.00 ms.
Mono: successfully reloaded assembly
- Completed reload, in  2.445 seconds
Domain Reload Profiling:
	ReloadAssembly (2446ms)
		BeginReloadAssembly (281ms)
			ExecutionOrderSort (0ms)
			DisableScriptedObjects (29ms)
			BackupInstance (0ms)
			ReleaseScriptingObjects (0ms)
			CreateAndSetChildDomain (101ms)
		EndReloadAssembly (2056ms)
			LoadAssemblies (209ms)
			RebuildTransferFunctionScriptingTraits (0ms)
			SetupTypeCache (334ms)
			ReleaseScriptCaches (1ms)
			RebuildScriptCaches (57ms)
			SetupLoadedEditorAssemblies (1113ms)
				LogAssemblyErrors (0ms)
				InitializePlatformSupportModulesInManaged (17ms)
				SetLoadedEditorAssemblies (1ms)
				RefreshPlugins (0ms)
				BeforeProcessingInitializeOnLoad (163ms)
				ProcessInitializeOnLoadAttributes (899ms)
				ProcessInitializeOnLoadMethodAttributes (30ms)
				AfterProcessingInitializeOnLoad (1ms)
				EditorAssembliesLoaded (1ms)
			ExecutionOrderSort2 (0ms)
			AwakeInstancesAfterBackupRestoration (54ms)
Platform modules already initialized, skipping
Refreshing native plugins compatible for Editor in 0.37 ms, found 2 plugins.
Preloading 0 native plugins for Editor in 0.00 ms.
Unloading 2009 Unused Serialized files (Serialized files now loaded: 0)
System memory in use before: 205.4 MB.
System memory in use after: 202.8 MB.

Unloading 54 unused Assets to reduce memory usage. Loaded Objects now: 2473.
Total: 2.861125 ms (FindLiveObjects: 0.083917 ms CreateObjectMapping: 0.041125 ms MarkObjects: 1.978750 ms  DeleteObjects: 0.756708 ms)

AssetImportParameters requested are different than current active one (requested -> active):
  custom:video-decoder-ogg-theora: a1e56fd34408186e4bbccfd4996cb3dc -> 
  custom:container-muxer-webm: aa71ff27fc2769a1b78a27578f13a17b -> 
  custom:container-demuxer-webm: 4f35f7cbe854078d1ac9338744f61a02 -> 
  custom:container-demuxer-ogg: 62fdf1f143b41e24485cea50d1cbac27 -> 
  custom:video-encoder-webm-vp8: eb34c28f22e8b96e1ab97ce403110664 -> 
  custom:framework-osx-AVFoundation: e770b220cccbd017edd2c1fefb359320 -> 
  custom:video-decoder-webm-vp8: 9c59270c3fd7afecdb556c50c9e8de78 -> 
  custom:audio-decoder-ogg-vorbis: bf7c407c2cedff20999df2af8eb42d56 -> 
  custom:audio-encoder-webm-vorbis: bf7c407c2cedff20999df2af8eb42d56 -> 
========================================================================
Received Import Request.
  Time since last request: 522.832510 seconds.
  path: Assets/Mod Assets/Mod Resources/Fonts/ZCOOLKuaiLe-Regular SDF.asset
  artifactKey: Guid(8ebfeea7062344f0c96b8a1d614a92b1) Importer(815301076,1909f56bfc062723c751e8b465ee728b)
Start importing Assets/Mod Assets/Mod Resources/Fonts/ZCOOLKuaiLe-Regular SDF.asset using Guid(8ebfeea7062344f0c96b8a1d614a92b1) Importer(815301076,1909f56bfc062723c751e8b465ee728b)  -> (artifact id: '13d4420ff82be1274eb2fb6c5b9eabf1') in 0.778134 seconds 
========================================================================
Received Import Request.
  Time since last request: 67.772730 seconds.
  path: Assets/Tiles
  artifactKey: Guid(984d5fbd0bda8b146921966510c603fe) Importer(815301076,1909f56bfc062723c751e8b465ee728b)
Start importing Assets/Tiles using Guid(984d5fbd0bda8b146921966510c603fe) Importer(815301076,1909f56bfc062723c751e8b465ee728b)  -> (artifact id: '44d5833b12934f222d6de2f5e00adf3d') in 0.001985 seconds 
========================================================================
Received Import Request.
  Time since last request: 0.028830 seconds.
  path: Assets/Tiles/cloud.asset
  artifactKey: Guid(216e1d3fb32f7bc48a7a754adcfca76f) Importer(815301076,1909f56bfc062723c751e8b465ee728b)
Start importing Assets/Tiles/cloud.asset using Guid(216e1d3fb32f7bc48a7a754adcfca76f) Importer(815301076,1909f56bfc062723c751e8b465ee728b)  -> (artifact id: '07966830e5365dad33ddd15e088b46c9') in 0.094925 seconds 
========================================================================
Received Import Request.
  Time since last request: 0.000196 seconds.
  path: Assets/Tiles/plant.asset
  artifactKey: Guid(ca038d30e63673a458203d4a31573d95) Importer(815301076,1909f56bfc062723c751e8b465ee728b)
Start importing Assets/Tiles/plant.asset using Guid(ca038d30e63673a458203d4a31573d95) Importer(815301076,1909f56bfc062723c751e8b465ee728b)  -> (artifact id: 'a49538a888f5c9dd628c144f556a0a62') in 0.008298 seconds 
========================================================================
Received Import Request.
  Time since last request: 0.000350 seconds.
  path: Assets/Tiles/TileGround.asset
  artifactKey: Guid(346d40452471dc54ba12d6c7e67a1920) Importer(815301076,1909f56bfc062723c751e8b465ee728b)
Start importing Assets/Tiles/TileGround.asset using Guid(346d40452471dc54ba12d6c7e67a1920) Importer(815301076,1909f56bfc062723c751e8b465ee728b)  -> (artifact id: '85c5f28138c62bae0e83f0184efa7504') in 0.008514 seconds 
========================================================================
Received Import Request.
  Time since last request: 0.000284 seconds.
  path: Assets/Tiles/tree.asset
  artifactKey: Guid(425a6ca6169e0e14ba0dd745b3d35cb2) Importer(815301076,1909f56bfc062723c751e8b465ee728b)
Start importing Assets/Tiles/tree.asset using Guid(425a6ca6169e0e14ba0dd745b3d35cb2) Importer(815301076,1909f56bfc062723c751e8b465ee728b)  -> (artifact id: 'dac41a1b321908455f699a5ddc316644') in 0.007247 seconds 
========================================================================
Received Import Request.
  Time since last request: 0.000219 seconds.
  path: Assets/Tiles/mountains.asset
  artifactKey: Guid(17d8f745a300ff948ac10cceb364a2dc) Importer(815301076,1909f56bfc062723c751e8b465ee728b)
Start importing Assets/Tiles/mountains.asset using Guid(17d8f745a300ff948ac10cceb364a2dc) Importer(815301076,1909f56bfc062723c751e8b465ee728b)  -> (artifact id: '4f1f5d48dcd5da8c419257eacbdaa8d0') in 0.025888 seconds 
========================================================================
Received Import Request.
  Time since last request: 0.000257 seconds.
  path: Assets/Tiles/TileGroundTop.asset
  artifactKey: Guid(00c0f6fa8d57f7949864cfd4ba00f858) Importer(815301076,1909f56bfc062723c751e8b465ee728b)
Start importing Assets/Tiles/TileGroundTop.asset using Guid(00c0f6fa8d57f7949864cfd4ba00f858) Importer(815301076,1909f56bfc062723c751e8b465ee728b)  -> (artifact id: 'ba0a7251298e3c38a0e6bfbb22d1b343') in 0.006677 seconds 
========================================================================
Received Import Request.
  Time since last request: 0.000189 seconds.
  path: Assets/Tiles/TileFloatingLeftEdge.asset
  artifactKey: Guid(8ffc15ca897ef94428428a26ead7bd6d) Importer(815301076,1909f56bfc062723c751e8b465ee728b)
Start importing Assets/Tiles/TileFloatingLeftEdge.asset using Guid(8ffc15ca897ef94428428a26ead7bd6d) Importer(815301076,1909f56bfc062723c751e8b465ee728b)  -> (artifact id: '01eb1ce3953408fac90da47c48e7fea7') in 0.006379 seconds 
========================================================================
Received Import Request.
  Time since last request: 0.000198 seconds.
  path: Assets/Tiles/fence.asset
  artifactKey: Guid(bb5d933e6627d374c8b68f8c7c95d5c4) Importer(815301076,1909f56bfc062723c751e8b465ee728b)
Start importing Assets/Tiles/fence.asset using Guid(bb5d933e6627d374c8b68f8c7c95d5c4) Importer(815301076,1909f56bfc062723c751e8b465ee728b)  -> (artifact id: 'a3c8b5432428b5cddba585b64f46c652') in 0.005804 seconds 
========================================================================
Received Import Request.
  Time since last request: 0.000161 seconds.
  path: Assets/Tiles/TallBuilding.asset
  artifactKey: Guid(49ad221d69f75804d98336ca8956e57e) Importer(815301076,1909f56bfc062723c751e8b465ee728b)
Start importing Assets/Tiles/TallBuilding.asset using Guid(49ad221d69f75804d98336ca8956e57e) Importer(815301076,1909f56bfc062723c751e8b465ee728b)  -> (artifact id: '0faff08c88c3f9de5f82806523184a71') in 0.008756 seconds 
========================================================================
Received Import Request.
  Time since last request: 0.000733 seconds.
  path: Assets/Tiles/MidgroundFiller.asset
  artifactKey: Guid(8187bea14c4d7c849b76ae65d8bd9782) Importer(815301076,1909f56bfc062723c751e8b465ee728b)
Start importing Assets/Tiles/MidgroundFiller.asset using Guid(8187bea14c4d7c849b76ae65d8bd9782) Importer(815301076,1909f56bfc062723c751e8b465ee728b)  -> (artifact id: '48bf9645f12cfa8da6b0c80b14e0a6f2') in 0.006106 seconds 
========================================================================
Received Import Request.
  Time since last request: 0.000158 seconds.
  path: Assets/Tiles/TileFloatingRightEdge.asset
  artifactKey: Guid(ad89c8596ddf81949990df9a40c0168a) Importer(815301076,1909f56bfc062723c751e8b465ee728b)
Start importing Assets/Tiles/TileFloatingRightEdge.asset using Guid(ad89c8596ddf81949990df9a40c0168a) Importer(815301076,1909f56bfc062723c751e8b465ee728b)  -> (artifact id: 'e9405feba2014b8f554b99782226ed5a') in 0.006670 seconds 
========================================================================
Received Import Request.
  Time since last request: 0.000281 seconds.
  path: Assets/Tiles/TileGroundDark.asset
  artifactKey: Guid(81d566c374d6f93469d3badfddb41f87) Importer(815301076,1909f56bfc062723c751e8b465ee728b)
Start importing Assets/Tiles/TileGroundDark.asset using Guid(81d566c374d6f93469d3badfddb41f87) Importer(815301076,1909f56bfc062723c751e8b465ee728b)  -> (artifact id: 'eb1f4ee5e17acbf1bf6fb2739948af83') in 0.010456 seconds 
========================================================================
Received Import Request.
  Time since last request: 0.000254 seconds.
  path: Assets/Tiles/midground.asset
  artifactKey: Guid(5b1ed690790872f45abca6cc98ea40b3) Importer(815301076,1909f56bfc062723c751e8b465ee728b)
Start importing Assets/Tiles/midground.asset using Guid(5b1ed690790872f45abca6cc98ea40b3) Importer(815301076,1909f56bfc062723c751e8b465ee728b)  -> (artifact id: '2a2ed4647b09c2d027c28ed6efc0ed97') in 0.015384 seconds 
========================================================================
Received Import Request.
  Time since last request: 0.001257 seconds.
  path: Assets/Tiles/ShortBuilding.asset
  artifactKey: Guid(102dda6d7e3be4644bea1fdfea2d37d4) Importer(815301076,1909f56bfc062723c751e8b465ee728b)
Start importing Assets/Tiles/ShortBuilding.asset using Guid(102dda6d7e3be4644bea1fdfea2d37d4) Importer(815301076,1909f56bfc062723c751e8b465ee728b)  -> (artifact id: '60a4b839d79b3c5d80e0780b265ac00f') in 0.010662 seconds 
========================================================================
Received Import Request.
  Time since last request: 0.000228 seconds.
  path: Assets/Tiles/house.asset
  artifactKey: Guid(68c5f18a4f480364ea8365252912ecee) Importer(815301076,1909f56bfc062723c751e8b465ee728b)
Start importing Assets/Tiles/house.asset using Guid(68c5f18a4f480364ea8365252912ecee) Importer(815301076,1909f56bfc062723c751e8b465ee728b)  -> (artifact id: '571a19b4b5f59774c338fb50853b906c') in 0.012314 seconds 
========================================================================
Received Import Request.
  Time since last request: 0.000152 seconds.
  path: Assets/Tiles/hillside.asset
  artifactKey: Guid(7ce6d6745a4a31040b413bb8d4f7f6e7) Importer(815301076,1909f56bfc062723c751e8b465ee728b)
Start importing Assets/Tiles/hillside.asset using Guid(7ce6d6745a4a31040b413bb8d4f7f6e7) Importer(815301076,1909f56bfc062723c751e8b465ee728b)  -> (artifact id: '031f3202fb93c96e95b4e714229301df') in 0.009760 seconds 
========================================================================
Received Import Request.
  Time since last request: 0.001202 seconds.
  path: Assets/Tiles/TileFloatingTileMiddle.asset
  artifactKey: Guid(fcbf1d913bd6d0a448fa221caa416d43) Importer(815301076,1909f56bfc062723c751e8b465ee728b)
Start importing Assets/Tiles/TileFloatingTileMiddle.asset using Guid(fcbf1d913bd6d0a448fa221caa416d43) Importer(815301076,1909f56bfc062723c751e8b465ee728b)  -> (artifact id: '2fcdfe98a2e8c23d037a45f3e7823190') in 0.006683 seconds 
========================================================================
Received Import Request.
  Time since last request: 57.322264 seconds.
  path: Assets/Mod Assets/Mod Resources/Trail Materials/SubtleTrailMaterial.mat
  artifactKey: Guid(bb6ceb127383a4152a4041c9babd6912) Importer(815301076,1909f56bfc062723c751e8b465ee728b)
Start importing Assets/Mod Assets/Mod Resources/Trail Materials/SubtleTrailMaterial.mat using Guid(bb6ceb127383a4152a4041c9babd6912) Importer(815301076,1909f56bfc062723c751e8b465ee728b)  -> (artifact id: 'b9356cc9a32ccccc6bfd06bcb8f21baa') in 0.208770 seconds 
========================================================================
Received Import Request.
  Time since last request: 0.000239 seconds.
  path: Assets/Mod Assets/Custom Materials/Subtractive.mat
  artifactKey: Guid(2d4335f212752412590d952b4ff9f248) Importer(815301076,1909f56bfc062723c751e8b465ee728b)
Start importing Assets/Mod Assets/Custom Materials/Subtractive.mat using Guid(2d4335f212752412590d952b4ff9f248) Importer(815301076,1909f56bfc062723c751e8b465ee728b)  -> (artifact id: '49ffd38448e8ea9a545d041e90ce3ef0') in 0.160931 seconds 
========================================================================
Received Import Request.
  Time since last request: 0.000159 seconds.
  path: Assets/Mod Assets/Mod Resources/Fonts/Raleway-Regular SDF.asset
  artifactKey: Guid(2abf75d6e0d8a4aa6910fae6ee5d638b) Importer(815301076,1909f56bfc062723c751e8b465ee728b)
Start importing Assets/Mod Assets/Mod Resources/Fonts/Raleway-Regular SDF.asset using Guid(2abf75d6e0d8a4aa6910fae6ee5d638b) Importer(815301076,1909f56bfc062723c751e8b465ee728b)  -> (artifact id: '7c9535a1b5a5e7263efb02d229db6970') in 0.024061 seconds 
========================================================================
Received Import Request.
  Time since last request: 0.000209 seconds.
  path: Assets/Mod Assets/Mod Resources/Fonts/PressStart2P-Regular SDF.asset
  artifactKey: Guid(88003508be39e449cb51c48494e680cf) Importer(815301076,1909f56bfc062723c751e8b465ee728b)
Start importing Assets/Mod Assets/Mod Resources/Fonts/PressStart2P-Regular SDF.asset using Guid(88003508be39e449cb51c48494e680cf) Importer(815301076,1909f56bfc062723c751e8b465ee728b)  -> (artifact id: 'f82d252061ca4cd9c5b09a7007c8062d') in 0.016370 seconds 
========================================================================
Received Import Request.
  Time since last request: 0.000173 seconds.
  path: Assets/Mod Assets/Mod Resources/Trail Materials/RainbowTrailMaterial.mat
  artifactKey: Guid(711224fcf6d6c40faafe946b2f78b361) Importer(815301076,1909f56bfc062723c751e8b465ee728b)
Start importing Assets/Mod Assets/Mod Resources/Trail Materials/RainbowTrailMaterial.mat using Guid(711224fcf6d6c40faafe946b2f78b361) Importer(815301076,1909f56bfc062723c751e8b465ee728b)  -> (artifact id: 'c32a24fce97664aa8efba423884995ef') in 0.084466 seconds 
========================================================================
Received Import Request.
  Time since last request: 0.000216 seconds.
  path: Assets/Mod Assets/Mod Resources/Fonts/Orbitron-Regular SDF.asset
  artifactKey: Guid(d393f12bd75574ef991a7a2c74b29c69) Importer(815301076,1909f56bfc062723c751e8b465ee728b)
Start importing Assets/Mod Assets/Mod Resources/Fonts/Orbitron-Regular SDF.asset using Guid(d393f12bd75574ef991a7a2c74b29c69) Importer(815301076,1909f56bfc062723c751e8b465ee728b)  -> (artifact id: '51eacc859711ebe4f77706125b6cc48f') in 0.016995 seconds 
========================================================================
Received Import Request.
  Time since last request: 0.000161 seconds.
  path: Assets/Mod Assets/Custom Materials/Modulate.mat
  artifactKey: Guid(84ea6144bfb124db4931bad91ce2b996) Importer(815301076,1909f56bfc062723c751e8b465ee728b)
Start importing Assets/Mod Assets/Custom Materials/Modulate.mat using Guid(84ea6144bfb124db4931bad91ce2b996) Importer(815301076,1909f56bfc062723c751e8b465ee728b)  -> (artifact id: '71de6d2910342731f45309fa5c7354e0') in 0.080898 seconds 
========================================================================
Received Import Request.
  Time since last request: 0.000176 seconds.
  path: Assets/Mod Assets/Mod Resources/Materials/SpritesHue.mat
  artifactKey: Guid(65adb638edb2db449a5dce43480aeae5) Importer(815301076,1909f56bfc062723c751e8b465ee728b)
Start importing Assets/Mod Assets/Mod Resources/Materials/SpritesHue.mat using Guid(65adb638edb2db449a5dce43480aeae5) Importer(815301076,1909f56bfc062723c751e8b465ee728b)  -> (artifact id: 'fccbb9503bd4afde326fb4a3e162adc7') in 0.068247 seconds 
========================================================================
Received Import Request.
  Time since last request: 0.000234 seconds.
  path: Assets/Mod Assets/Custom Materials/Modulate Red.mat
  artifactKey: Guid(a0a0d20d7eab44a68a19ca8d45fa0ee7) Importer(815301076,1909f56bfc062723c751e8b465ee728b)
Start importing Assets/Mod Assets/Custom Materials/Modulate Red.mat using Guid(a0a0d20d7eab44a68a19ca8d45fa0ee7) Importer(815301076,1909f56bfc062723c751e8b465ee728b)  -> (artifact id: 'ac7909cf301670b49d6af43e4075a03c') in 0.006861 seconds 
========================================================================
Received Import Request.
  Time since last request: 0.000170 seconds.
  path: Assets/Mod Assets/Custom Materials/Modulate Blue.mat
  artifactKey: Guid(8f5958255662442139e0179a973c42de) Importer(815301076,1909f56bfc062723c751e8b465ee728b)
Start importing Assets/Mod Assets/Custom Materials/Modulate Blue.mat using Guid(8f5958255662442139e0179a973c42de) Importer(815301076,1909f56bfc062723c751e8b465ee728b)  -> (artifact id: '11020eb94b28d0175a50e4439a4a989a') in 0.007651 seconds 
========================================================================
Received Import Request.
  Time since last request: 0.000216 seconds.
  path: Assets/Mod Assets/Mod Resources/Trail Materials/PlatformerRainbowTrailMaterial.mat
  artifactKey: Guid(fb9022c6471ea4540bead8403c8d7496) Importer(815301076,1909f56bfc062723c751e8b465ee728b)
Start importing Assets/Mod Assets/Mod Resources/Trail Materials/PlatformerRainbowTrailMaterial.mat using Guid(fb9022c6471ea4540bead8403c8d7496) Importer(815301076,1909f56bfc062723c751e8b465ee728b)  -> (artifact id: '210feedfca94cf9ac694d5de66d31edb') in 0.009839 seconds 
========================================================================
Received Import Request.
  Time since last request: 0.000173 seconds.
  path: Assets/Mod Assets/Custom Materials/Modulate Green.mat
  artifactKey: Guid(7e16423d12f4445cc93a21506562dffc) Importer(815301076,1909f56bfc062723c751e8b465ee728b)
Start importing Assets/Mod Assets/Custom Materials/Modulate Green.mat using Guid(7e16423d12f4445cc93a21506562dffc) Importer(815301076,1909f56bfc062723c751e8b465ee728b)  -> (artifact id: '490d861843738b64a21ba28a99276859') in 0.010675 seconds 
========================================================================
Received Import Request.
  Time since last request: 0.013922 seconds.
  path: Assets/Mod Assets/Mod Resources/Trail Materials/LongTrailMaterial.mat
  artifactKey: Guid(dbd73125b5e3c429ea6c920ebcc9dd92) Importer(815301076,1909f56bfc062723c751e8b465ee728b)
Start importing Assets/Mod Assets/Mod Resources/Trail Materials/LongTrailMaterial.mat using Guid(dbd73125b5e3c429ea6c920ebcc9dd92) Importer(815301076,1909f56bfc062723c751e8b465ee728b)  -> (artifact id: '7c1ee59779022a27f7c6e7454bf64845') in 0.007189 seconds 
========================================================================
Received Import Request.
  Time since last request: 0.000331 seconds.
  path: Assets/Mod Assets/Mod Resources/Fonts/Merriweather-Regular SDF.asset
  artifactKey: Guid(ea4179ba609564f33b822e1be581b321) Importer(815301076,1909f56bfc062723c751e8b465ee728b)
Start importing Assets/Mod Assets/Mod Resources/Fonts/Merriweather-Regular SDF.asset using Guid(ea4179ba609564f33b822e1be581b321) Importer(815301076,1909f56bfc062723c751e8b465ee728b)  -> (artifact id: '547003165fb4746b7b25081e8542a665') in 0.020476 seconds 
========================================================================
Received Import Request.
  Time since last request: 0.000199 seconds.
  path: Assets/TextMesh Pro/Resources/Fonts & Materials/LiberationSans SDF - Outline.mat
  artifactKey: Guid(79459efec17a4d00a321bdcc27bbc385) Importer(815301076,1909f56bfc062723c751e8b465ee728b)
Start importing Assets/TextMesh Pro/Resources/Fonts & Materials/LiberationSans SDF - Outline.mat using Guid(79459efec17a4d00a321bdcc27bbc385) Importer(815301076,1909f56bfc062723c751e8b465ee728b)  -> (artifact id: 'd318bc0ae033924e15fbcc3e0818742f') in 0.104661 seconds 
========================================================================
Received Import Request.
  Time since last request: 0.000235 seconds.
  path: Assets/Mod Assets/Mod Resources/Trail Materials/FireTrailMaterial.mat
  artifactKey: Guid(1cdc620dc87bd45acbd2dfd2cc6560eb) Importer(815301076,1909f56bfc062723c751e8b465ee728b)
Start importing Assets/Mod Assets/Mod Resources/Trail Materials/FireTrailMaterial.mat using Guid(1cdc620dc87bd45acbd2dfd2cc6560eb) Importer(815301076,1909f56bfc062723c751e8b465ee728b)  -> (artifact id: '7e53c79ace527c73c7c8bb0ef59e8e96') in 0.006422 seconds 
========================================================================
Received Import Request.
  Time since last request: 0.000179 seconds.
  path: Assets/Mod Assets/Custom Materials/Emissive Red.mat
  artifactKey: Guid(81f12af2d69874700b7e15004bd15886) Importer(815301076,1909f56bfc062723c751e8b465ee728b)
Start importing Assets/Mod Assets/Custom Materials/Emissive Red.mat using Guid(81f12af2d69874700b7e15004bd15886) Importer(815301076,1909f56bfc062723c751e8b465ee728b)  -> (artifact id: '237c60cbafea7c20306fc21a0dd49c76') in 0.037360 seconds 
========================================================================
Received Import Request.
  Time since last request: 0.000177 seconds.
  path: Assets/Mod Assets/Custom Materials/Fade.mat
  artifactKey: Guid(a630977d94cfa41c49a492132e20f623) Importer(815301076,1909f56bfc062723c751e8b465ee728b)
Start importing Assets/Mod Assets/Custom Materials/Fade.mat using Guid(a630977d94cfa41c49a492132e20f623) Importer(815301076,1909f56bfc062723c751e8b465ee728b)  -> (artifact id: '9d28091361d76231ae0c9e3374c9353d') in 0.009550 seconds 
========================================================================
Received Import Request.
  Time since last request: 0.000206 seconds.
  path: Assets/TextMesh Pro/Resources/Fonts & Materials/LiberationSans SDF - Drop Shadow.mat
  artifactKey: Guid(e73a58f6e2794ae7b1b7e50b7fb811b0) Importer(815301076,1909f56bfc062723c751e8b465ee728b)
Start importing Assets/TextMesh Pro/Resources/Fonts & Materials/LiberationSans SDF - Drop Shadow.mat using Guid(e73a58f6e2794ae7b1b7e50b7fb811b0) Importer(815301076,1909f56bfc062723c751e8b465ee728b)  -> (artifact id: 'acef5172e45d28fe657fa801a549849e') in 0.110711 seconds 
========================================================================
Received Import Request.
  Time since last request: 0.000243 seconds.
  path: Assets/Mod Assets/Custom Materials/Emissive Green.mat
  artifactKey: Guid(08006af621afc407eb6a5c8e8c83b0bf) Importer(815301076,1909f56bfc062723c751e8b465ee728b)
Start importing Assets/Mod Assets/Custom Materials/Emissive Green.mat using Guid(08006af621afc407eb6a5c8e8c83b0bf) Importer(815301076,1909f56bfc062723c751e8b465ee728b)  -> (artifact id: '27206ec7d4ae89b3116658f3292fbf39') in 0.006609 seconds 
========================================================================
Received Import Request.
  Time since last request: 0.000236 seconds.
  path: Assets/Mod Assets/Mod Resources/Fonts/IndieFlower SDF.asset
  artifactKey: Guid(2a0d250d860e74880b33abdcb4a9da2a) Importer(815301076,1909f56bfc062723c751e8b465ee728b)
Start importing Assets/Mod Assets/Mod Resources/Fonts/IndieFlower SDF.asset using Guid(2a0d250d860e74880b33abdcb4a9da2a) Importer(815301076,1909f56bfc062723c751e8b465ee728b)  -> (artifact id: 'e1126ce870f969cc8473f53441853e41') in 0.017358 seconds 
========================================================================
Received Import Request.
  Time since last request: 0.000192 seconds.
  path: Assets/Mod Assets/Mod Resources/Trail Materials/LaserTrailMaterial.mat
  artifactKey: Guid(496d4eb29afae4308be4e6a2069959b3) Importer(815301076,1909f56bfc062723c751e8b465ee728b)
Start importing Assets/Mod Assets/Mod Resources/Trail Materials/LaserTrailMaterial.mat using Guid(496d4eb29afae4308be4e6a2069959b3) Importer(815301076,1909f56bfc062723c751e8b465ee728b)  -> (artifact id: 'ba1d1129bf0c9090ce75ff7d825a2fc3') in 0.201204 seconds 
========================================================================
Received Import Request.
  Time since last request: 0.306695 seconds.
  path: Assets/Mod Assets/Mod Resources/Fonts/DancingScript-Regular SDF.asset
  artifactKey: Guid(7b50419dd5d254755b7929b05d413472) Importer(815301076,1909f56bfc062723c751e8b465ee728b)
Start importing Assets/Mod Assets/Mod Resources/Fonts/DancingScript-Regular SDF.asset using Guid(7b50419dd5d254755b7929b05d413472) Importer(815301076,1909f56bfc062723c751e8b465ee728b)  -> (artifact id: 'd1cdd5896618b5284f6ae20f6faca798') in 0.032840 seconds 
========================================================================
Received Import Request.
  Time since last request: 0.000295 seconds.
  path: Assets/Mod Assets/Mod Resources/Fonts/CormorantUnicase-Regular SDF.asset
  artifactKey: Guid(ba62bccd3bc0142bc9a0bc1addeaadce) Importer(815301076,1909f56bfc062723c751e8b465ee728b)
Start importing Assets/Mod Assets/Mod Resources/Fonts/CormorantUnicase-Regular SDF.asset using Guid(ba62bccd3bc0142bc9a0bc1addeaadce) Importer(815301076,1909f56bfc062723c751e8b465ee728b)  -> (artifact id: '8fa13d2bde3f1d5d38623fa63de38bee') in 0.026647 seconds 
========================================================================
Received Import Request.
  Time since last request: 0.000258 seconds.
  path: Assets/Mod Assets/Custom Materials/Additive Green.mat
  artifactKey: Guid(473f1c6b2d95343ce828c49da96210ca) Importer(815301076,1909f56bfc062723c751e8b465ee728b)
Start importing Assets/Mod Assets/Custom Materials/Additive Green.mat using Guid(473f1c6b2d95343ce828c49da96210ca) Importer(815301076,1909f56bfc062723c751e8b465ee728b)  -> (artifact id: 'cc9653ce8f74dba440589c9d46c29374') in 0.007139 seconds 
========================================================================
Received Import Request.
  Time since last request: 0.000328 seconds.
  path: Assets/Mod Assets/Custom Materials/Additive Blue.mat
  artifactKey: Guid(559e55ada8c25412a88f9d290cf3b99d) Importer(815301076,1909f56bfc062723c751e8b465ee728b)
Start importing Assets/Mod Assets/Custom Materials/Additive Blue.mat using Guid(559e55ada8c25412a88f9d290cf3b99d) Importer(815301076,1909f56bfc062723c751e8b465ee728b)  -> (artifact id: 'f0cc82a5b7a2b8e5fb48307b389c2a15') in 0.007351 seconds 
========================================================================
Received Import Request.
  Time since last request: 0.000242 seconds.
  path: Assets/Mod Assets/Custom Materials/Emissive Blue.mat
  artifactKey: Guid(e0495ba00e56c48c0a9c32dbd73521f7) Importer(815301076,1909f56bfc062723c751e8b465ee728b)
Start importing Assets/Mod Assets/Custom Materials/Emissive Blue.mat using Guid(e0495ba00e56c48c0a9c32dbd73521f7) Importer(815301076,1909f56bfc062723c751e8b465ee728b)  -> (artifact id: '36a9a9a3bd2e7f3928e47f1673878ee4') in 0.007257 seconds 
========================================================================
Received Import Request.
  Time since last request: 0.000295 seconds.
  path: Assets/Mod Assets/Mod Resources/Fonts/BioRhymeExpanded-Regular SDF.asset
  artifactKey: Guid(2d0aaede2506c4ca0969c32576224028) Importer(815301076,1909f56bfc062723c751e8b465ee728b)
Start importing Assets/Mod Assets/Mod Resources/Fonts/BioRhymeExpanded-Regular SDF.asset using Guid(2d0aaede2506c4ca0969c32576224028) Importer(815301076,1909f56bfc062723c751e8b465ee728b)  -> (artifact id: 'f9e652f52ba48f950e9910b9d3abaf88') in 0.016217 seconds 
========================================================================
Received Import Request.
  Time since last request: 0.000197 seconds.
  path: Assets/Mod Assets/Custom Materials/Additive Red.mat
  artifactKey: Guid(22aa0ea19af7a4c8a9ca5447c6c7447f) Importer(815301076,1909f56bfc062723c751e8b465ee728b)
Start importing Assets/Mod Assets/Custom Materials/Additive Red.mat using Guid(22aa0ea19af7a4c8a9ca5447c6c7447f) Importer(815301076,1909f56bfc062723c751e8b465ee728b)  -> (artifact id: 'f8dc964679fc280e2a4a6c2623a2f337') in 0.006238 seconds 
========================================================================
Received Import Request.
  Time since last request: 0.000189 seconds.
  path: Assets/Mod Assets/Mod Resources/Fonts/Bangers-Regular SDF.asset
  artifactKey: Guid(0e141b3397d234c8685509c5d77ebcf1) Importer(815301076,1909f56bfc062723c751e8b465ee728b)
Start importing Assets/Mod Assets/Mod Resources/Fonts/Bangers-Regular SDF.asset using Guid(0e141b3397d234c8685509c5d77ebcf1) Importer(815301076,1909f56bfc062723c751e8b465ee728b)  -> (artifact id: '86eeb7e79bfe8e1d4fe8ead422bbad13') in 0.018758 seconds 
========================================================================
Received Import Request.
  Time since last request: 0.225452 seconds.
  path: Assets/Mod Assets/Custom Materials/Additive.mat
  artifactKey: Guid(7284664b1aa4f45f0a118f80f5ec1349) Importer(815301076,1909f56bfc062723c751e8b465ee728b)
Start importing Assets/Mod Assets/Custom Materials/Additive.mat using Guid(7284664b1aa4f45f0a118f80f5ec1349) Importer(815301076,1909f56bfc062723c751e8b465ee728b)  -> (artifact id: '9916089307edb48b9dadaaaba0e5744b') in 0.009912 seconds 
========================================================================
Received Import Request.
  Time since last request: 152.962214 seconds.
  path: Assets/Hackday Originals
  artifactKey: Guid(a8270cba03e004bacbe09bce7e45fa14) Importer(815301076,1909f56bfc062723c751e8b465ee728b)
Start importing Assets/Hackday Originals using Guid(a8270cba03e004bacbe09bce7e45fa14) Importer(815301076,1909f56bfc062723c751e8b465ee728b)  -> (artifact id: '8071949b4caf74be981ac16c203fac81') in 0.010219 seconds 
========================================================================
Received Import Request.
  Time since last request: 13.647101 seconds.
  path: Assets/Hackday Originals/Screen Shot 2022-03-10 at 8.57.23 AM.png
  artifactKey: Guid(f9b09957ca0af48768c6a87f76ed6ee0) Importer(815301076,1909f56bfc062723c751e8b465ee728b)
Start importing Assets/Hackday Originals/Screen Shot 2022-03-10 at 8.57.23 AM.png using Guid(f9b09957ca0af48768c6a87f76ed6ee0) Importer(815301076,1909f56bfc062723c751e8b465ee728b)  -> (artifact id: 'e984487b33b6fc5bea5f97701f008529') in 0.625849 seconds 
========================================================================
Received Prepare
Registering precompiled user dll's ...
Registered in 0.003980 seconds.
Begin MonoManager ReloadAssembly
Native extension for OSXStandalone target not found
Native extension for WebGL target not found
Refreshing native plugins compatible for Editor in 0.38 ms, found 2 plugins.
Preloading 0 native plugins for Editor in 0.00 ms.
Mono: successfully reloaded assembly
- Completed reload, in  2.541 seconds
Domain Reload Profiling:
	ReloadAssembly (2542ms)
		BeginReloadAssembly (297ms)
			ExecutionOrderSort (0ms)
			DisableScriptedObjects (26ms)
			BackupInstance (0ms)
			ReleaseScriptingObjects (0ms)
			CreateAndSetChildDomain (108ms)
		EndReloadAssembly (2132ms)
			LoadAssemblies (251ms)
			RebuildTransferFunctionScriptingTraits (0ms)
			SetupTypeCache (374ms)
			ReleaseScriptCaches (1ms)
			RebuildScriptCaches (55ms)
			SetupLoadedEditorAssemblies (1069ms)
				LogAssemblyErrors (0ms)
				InitializePlatformSupportModulesInManaged (17ms)
				SetLoadedEditorAssemblies (2ms)
				RefreshPlugins (0ms)
				BeforeProcessingInitializeOnLoad (161ms)
				ProcessInitializeOnLoadAttributes (855ms)
				ProcessInitializeOnLoadMethodAttributes (33ms)
				AfterProcessingInitializeOnLoad (1ms)
				EditorAssembliesLoaded (1ms)
			ExecutionOrderSort2 (0ms)
			AwakeInstancesAfterBackupRestoration (63ms)
Platform modules already initialized, skipping
Refreshing native plugins compatible for Editor in 0.37 ms, found 2 plugins.
Preloading 0 native plugins for Editor in 0.00 ms.
Unloading 2009 Unused Serialized files (Serialized files now loaded: 0)
System memory in use before: 219.5 MB.
System memory in use after: 217.0 MB.

Unloading 51 unused Assets to reduce memory usage. Loaded Objects now: 2550.
Total: 2.769792 ms (FindLiveObjects: 0.090042 ms CreateObjectMapping: 0.039583 ms MarkObjects: 1.933417 ms  DeleteObjects: 0.706125 ms)

AssetImportParameters requested are different than current active one (requested -> active):
  custom:video-decoder-ogg-theora: a1e56fd34408186e4bbccfd4996cb3dc -> 
  custom:container-muxer-webm: aa71ff27fc2769a1b78a27578f13a17b -> 
  custom:container-demuxer-webm: 4f35f7cbe854078d1ac9338744f61a02 -> 
  custom:container-demuxer-ogg: 62fdf1f143b41e24485cea50d1cbac27 -> 
  custom:video-encoder-webm-vp8: eb34c28f22e8b96e1ab97ce403110664 -> 
  custom:framework-osx-AVFoundation: e770b220cccbd017edd2c1fefb359320 -> 
  custom:video-decoder-webm-vp8: 9c59270c3fd7afecdb556c50c9e8de78 -> 
  custom:audio-decoder-ogg-vorbis: bf7c407c2cedff20999df2af8eb42d56 -> 
  custom:audio-encoder-webm-vorbis: bf7c407c2cedff20999df2af8eb42d56 -> 
